DEBUG 2018-10-16 17:47:34,906: 	 Executing command: 'submit'
DEBUG 2018-10-16 17:47:34,928: 	 Found CRAB cache file /uscms/home/dsperka/.crab3
DEBUG 2018-10-16 17:47:34,940: 	 Checking credentials
DEBUG 2018-10-16 17:47:34,940: 	 Found proxy file /tmp/x509up_u16813
DEBUG 2018-10-16 17:47:34,940: 	 Getting proxy life time left
DEBUG 2018-10-16 17:47:35,013: 	 Executing : 
 command : voms-proxy-info -file /tmp/x509up_u16813 -timeleft
 output : 81166

 error: 
 retcode : 0
DEBUG 2018-10-16 17:47:35,069: 	 Executing : 
 command : voms-proxy-info -file /tmp/x509up_u16813 -actimeleft
 output : 81166

 error: 
 retcode : 0
DEBUG 2018-10-16 17:47:35,069: 	 Proxy valid for 22:32:46 hours
DEBUG 2018-10-16 17:47:35,070: 	 Will use CRAB PrivateMC plugin (i.e. will run a MC generation job type).
DEBUG 2018-10-16 17:47:35,125: 	 Executing : 
 command : openssl x509 -in ~/.globus/usercert.pem -subject -noout
 output : subject= /DC=ch/DC=cern/OU=Organic Units/OU=Users/CN=dsperka/CN=698850/CN=David Sperka

 error: 
 retcode : 0
DEBUG 2018-10-16 17:47:35,125: 	 Checking credentials
DEBUG 2018-10-16 17:47:35,126: 	 Found proxy file /tmp/x509up_u16813
DEBUG 2018-10-16 17:47:35,126: 	 Getting proxy life time left
DEBUG 2018-10-16 17:47:35,183: 	 Executing : 
 command : voms-proxy-info -file /tmp/x509up_u16813 -timeleft
 output : 81166

 error: 
 retcode : 0
DEBUG 2018-10-16 17:47:35,239: 	 Executing : 
 command : voms-proxy-info -file /tmp/x509up_u16813 -actimeleft
 output : 81166

 error: 
 retcode : 0
DEBUG 2018-10-16 17:47:35,239: 	 Proxy valid for 22:32:46 hours
DEBUG 2018-10-16 17:47:35,299: 	 Executing : 
 command : env X509_USER_PROXY=/tmp/x509up_u16813 voms-proxy-info -fqan
 output : /cms/Role=NULL/Capability=NULL
/cms/uscms/Role=NULL/Capability=NULL

 error: 
 retcode : 0
DEBUG 2018-10-16 17:47:36,451: 	 Registering user credentials for server /DC=ch/DC=cern/OU=computers/CN=vocms(052|031|0118|0105|0109).cern.ch|/DC=ch/DC=cern/OU=computers/CN=crab-(preprod|prod)-tw(02|01).cern.ch
DEBUG 2018-10-16 17:47:36,498: 	 Executing : 
 command : openssl x509 -in ~/.globus/usercert.pem -subject -noout
 output : subject= /DC=ch/DC=cern/OU=Organic Units/OU=Users/CN=dsperka/CN=698850/CN=David Sperka

 error: 
 retcode : 0
DEBUG 2018-10-16 17:47:36,498: 	 Getting myproxy life time left for myproxy.cern.ch
DEBUG 2018-10-16 17:47:36,498: 	 Calculating hash of /DC=ch/DC=cern/OU=Organic Units/OU=Users/CN=dsperka/CN=698850/CN=David Sperka_cmsweb.cern.ch for credential name
DEBUG 2018-10-16 17:47:37,301: 	 Executing : 
 command : myproxy-info -l a90adb9d478984ec2f7b39b4708f88008ef762ef -s myproxy.cern.ch
 output : username: a90adb9d478984ec2f7b39b4708f88008ef762ef
owner: /DC=ch/DC=cern/OU=Organic Units/OU=Users/CN=dsperka/CN=698850/CN=David Sperka
  renewal policy: /DC=ch/DC=cern/OU=computers/CN=vocms(052|031|0118|0105|0109).cern.ch|/DC=ch/DC=cern/OU=computers/CN=crab-(preprod|prod)-tw(02|01).cern.ch
  trusted retrieval policy: /DC=ch/DC=cern/OU=computers/CN=vocms(052|031|0118|0105|0109).cern.ch|/DC=ch/DC=cern/OU=computers/CN=crab-(preprod|prod)-tw(02|01).cern.ch
  timeleft: 712:40:07  (29.7 days)

 error: 
 retcode : 0
DEBUG 2018-10-16 17:47:37,303: 	 Myproxy is valid: 2565607
DEBUG 2018-10-16 17:47:37,303: 	 Command use: submit
DEBUG 2018-10-16 17:47:37,303: 	 Options use: ['--config', <WMCore.Configuration.Configuration object at 0x7fb275d072d0>]
DEBUG 2018-10-16 17:47:38,446: 	 CRABClient version: 3.3.1809
DEBUG 2018-10-16 17:47:38,446: 	 Instance is prod
DEBUG 2018-10-16 17:47:38,446: 	 Server base url is cmsweb.cern.ch
DEBUG 2018-10-16 17:47:38,446: 	 Command url /crabserver/prod/workflow
DEBUG 2018-10-16 17:47:38,446: 	 Started submission
DEBUG 2018-10-16 17:47:38,447: 	 Working on /uscms_data/d2/dsperka/CMSSW_8_1_0/src/HiggsAnalysis/CombinedLimit/combine_tutorials_2018/htt_slim/crab_cls_limits
DEBUG 2018-10-16 17:47:39,996: 	 Loading required information from the environment
DEBUG 2018-10-16 17:47:39,996: 	 Found CMSSW_8_1_0 for slc6_amd64_gcc530 with base /uscms_data/d2/dsperka/CMSSW_8_1_0
DEBUG 2018-10-16 17:47:40,015: 	 UNIQUE NAME: tarUUID bf304d64-128f-45d3-a96b-f8645b6bd1d0 
DEBUG 2018-10-16 17:47:40,016: 	 self.config: from WMCore.Configuration import Configuration
config = Configuration()
config.section_('General')
config.General.requestName = 'cls_limits'
config.section_('JobType')
config.JobType.psetName = '/uscms_data/d2/dsperka/CMSSW_8_1_0/src/CombineHarvester/CombineTools/scripts/do_nothing_cfg.py'
config.JobType.pluginName = 'PrivateMC'
config.JobType.inputFiles = ['/uscms_data/d2/dsperka/CMSSW_8_1_0/src/CombineHarvester/CombineTools/scripts/FrameworkJobReport.xml', '/uscms_data/d2/dsperka/CMSSW_8_1_0/src/CombineHarvester/CombineTools/scripts/copyRemoteWorkspace.sh', '/uscms_data/d2/dsperka/CMSSW_8_1_0/bin/slc6_amd64_gcc530/combine', 'comb_2017_htt_slim.root']
config.JobType.outputFiles = ['combine_output.tar']
config.JobType.scriptExe = 'crab_cls_limits.sh'
config.section_('Data')
config.Data.outputDatasetTag = 'cls_limits'
config.Data.publication = False
config.Data.unitsPerJob = 1
config.Data.splitting = 'EventBased'
config.Data.outLFNDirBase = '/store/user/dsperka/Combine_Tutorial_2018/'
config.Data.outputPrimaryDataset = 'Combine'
config.Data.totalUnits = 11
config.section_('User')
config.section_('Site')
config.Site.blacklist = ['T3_IT_Bologna', 'T3_US_UMiss']
config.Site.storageSite = 'T3_US_FNALLPC'

DEBUG 2018-10-16 17:47:40,016: 	 self.config.JobType.psetName: /uscms_data/d2/dsperka/CMSSW_8_1_0/src/CombineHarvester/CombineTools/scripts/do_nothing_cfg.py
INFO 2018-10-16 17:47:40,043: 	 Importing CMSSW configuration /uscms_data/d2/dsperka/CMSSW_8_1_0/src/CombineHarvester/CombineTools/scripts/do_nothing_cfg.py
INFO 2018-10-16 17:47:40,163: 	 Finished importing CMSSW configuration /uscms_data/d2/dsperka/CMSSW_8_1_0/src/CombineHarvester/CombineTools/scripts/do_nothing_cfg.py
DEBUG 2018-10-16 17:47:40,163: 	 Writing CMSSW configuration to /uscms_data/d2/dsperka/CMSSW_8_1_0/src/HiggsAnalysis/CombinedLimit/combine_tutorials_2018/htt_slim/crab_cls_limits/inputs/PSet.py
DEBUG 2018-10-16 17:47:40,171: 	 The following EDM output files will be collected: []
DEBUG 2018-10-16 17:47:40,171: 	 The following TFile output files will be collected: []
DEBUG 2018-10-16 17:47:40,171: 	 The following user output files will be collected: ['combine_output.tar']
DEBUG 2018-10-16 17:47:40,172: 	 Loading required information from the environment
DEBUG 2018-10-16 17:47:40,172: 	 Found CMSSW_8_1_0 for slc6_amd64_gcc530 with base /uscms_data/d2/dsperka/CMSSW_8_1_0
DEBUG 2018-10-16 17:47:40,172: 	 Making tarball in /uscms_data/d2/dsperka/CMSSW_8_1_0/src/HiggsAnalysis/CombinedLimit/combine_tutorials_2018/htt_slim/crab_cls_limits/inputs/bf304d64-128f-45d3-a96b-f8645b6bd1d0default.tgz
DEBUG 2018-10-16 17:47:40,225: 	 Checking directory /uscms_data/d2/dsperka/CMSSW_8_1_0/lib
DEBUG 2018-10-16 17:47:40,225: 	 Adding directory /uscms_data/d2/dsperka/CMSSW_8_1_0/lib to tarball
DEBUG 2018-10-16 17:47:42,153: 	 Checking directory /uscms_data/d2/dsperka/CMSSW_8_1_0/biglib
DEBUG 2018-10-16 17:47:42,153: 	 Adding directory /uscms_data/d2/dsperka/CMSSW_8_1_0/biglib to tarball
DEBUG 2018-10-16 17:47:42,155: 	 Checking directory /uscms_data/d2/dsperka/CMSSW_8_1_0/module
DEBUG 2018-10-16 17:47:42,722: 	 Adding data directory /uscms_data/d2/dsperka/CMSSW_8_1_0/src/HiggsAnalysis/CombinedLimit/data to tarball
DEBUG 2018-10-16 17:47:44,943: 	 Adding data directory /uscms_data/d2/dsperka/CMSSW_8_1_0/src/HiggsAnalysis/CombinedLimit/interface to tarball
DEBUG 2018-10-16 17:47:46,374: 	 Adding data directory /uscms_data/d2/dsperka/CMSSW_8_1_0/src/CombineHarvester/CombineTools/interface to tarball
DEBUG 2018-10-16 17:47:46,603: 	 Adding file /uscms_data/d2/dsperka/CMSSW_8_1_0/src/CombineHarvester/CombineTools/scripts/FrameworkJobReport.xml to tarball
DEBUG 2018-10-16 17:47:46,605: 	 Adding file /uscms_data/d2/dsperka/CMSSW_8_1_0/src/CombineHarvester/CombineTools/scripts/copyRemoteWorkspace.sh to tarball
DEBUG 2018-10-16 17:47:46,607: 	 Adding file /uscms_data/d2/dsperka/CMSSW_8_1_0/bin/slc6_amd64_gcc530/combine to tarball
DEBUG 2018-10-16 17:47:46,666: 	 Adding file comb_2017_htt_slim.root to tarball
DEBUG 2018-10-16 17:47:46,820: 	 Uploading archive /uscms_data/d2/dsperka/CMSSW_8_1_0/src/HiggsAnalysis/CombinedLimit/combine_tutorials_2018/htt_slim/crab_cls_limits/inputs/bf304d64-128f-45d3-a96b-f8645b6bd1d0default.tgz (7.618164.1 MB) to the CRAB cache. Using URI https://cmsweb.cern.ch/crabcache
DEBUG 2018-10-16 17:47:52,814: 	 Loading required information from the environment
DEBUG 2018-10-16 17:47:52,814: 	 Found CMSSW_8_1_0 for slc6_amd64_gcc530 with base /uscms_data/d2/dsperka/CMSSW_8_1_0
DEBUG 2018-10-16 17:47:52,814: 	 Making tarball in /uscms_data/d2/dsperka/CMSSW_8_1_0/src/HiggsAnalysis/CombinedLimit/combine_tutorials_2018/htt_slim/crab_cls_limits/inputs/debugFiles.tgz
DEBUG 2018-10-16 17:47:52,823: 	 Uploading archive /uscms_data/d2/dsperka/CMSSW_8_1_0/src/HiggsAnalysis/CombinedLimit/combine_tutorials_2018/htt_slim/crab_cls_limits/inputs/debugFiles.tgz (1 KB) to the CRAB cache. Using URI https://cmsweb.cern.ch/crabcache
DEBUG 2018-10-16 17:47:54,189: 	 Result uploading input files: baa69d3e8c3dfb74cbbea3485e6b1b3238d197e60a85c7fa3b8f9b15ffc1e13a.tar.gz 
INFO 2018-10-16 17:47:54,189: 	 Sending the request to the server
DEBUG 2018-10-16 17:47:54,189: 	 Submitting {'maxjobruntime': 1250, 'extrajdl': [], 'lfn': '/store/user/dsperka/Combine_Tutorial_2018/', 'savelogsflag': 0, 'useparent': 0, 'scriptexe': 'crab_cls_limits.sh', 'asyncdest': 'T3_US_FNALLPC', 'algoargs': 1, 'cachefilename': 'baa69d3e8c3dfb74cbbea3485e6b1b3238d197e60a85c7fa3b8f9b15ffc1e13a.tar.gz', 'numcores': 1, 'addoutputfiles': ['combine_output.tar'], 'generator': 'pythia', 'maxmemory': 2000, 'publishdbsurl': 'https://cmsweb.cern.ch/dbs/prod/phys03/DBSWriter', 'priority': 10, 'jobsw': 'CMSSW_8_1_0', 'edmoutfiles': [], 'userfiles': [], 'primarydataset': 'Combine', 'inputdata': '', 'ignorelocality': 0, 'dryrun': 0, 'workflow': 'crab_cls_limits', 'cacheurl': u'https://cmsweb.cern.ch/crabcache', 'nonprodsw': 0, 'tfileoutfiles': [], 'oneEventMode': 0, 'debugfilename': '0a4835e5fe080beb2448780dd4dd26cb04db17b87f3f1b2ee6b7c4005ded6035.tar.gz', 'saveoutput': 1, 'publication': 0, 'jobarch': 'slc6_amd64_gcc530', 'totalunits': 11, 'splitalgo': 'EventBased', 'ignoreglobalblacklist': 0, 'nonvaliddata': 0, 'dbsurl': 'https://cmsweb.cern.ch/dbs/prod/global/DBSReader', 'publishgroupname': 0, 'jobtype': 'PrivateMC', 'siteblacklist': ['T3_IT_Bologna', 'T3_US_UMiss'], 'publishname2': 'cls_limits'} 
DEBUG 2018-10-16 17:47:54,190: 	 Encoded submit request: maxjobruntime=1250&lfn=%2Fstore%2Fuser%2Fdsperka%2FCombine_Tutorial_2018%2F&savelogsflag=0&useparent=0&scriptexe=crab_cls_limits.sh&asyncdest=T3_US_FNALLPC&algoargs=1&cachefilename=baa69d3e8c3dfb74cbbea3485e6b1b3238d197e60a85c7fa3b8f9b15ffc1e13a.tar.gz&numcores=1&generator=pythia&maxmemory=2000&publishdbsurl=https%3A%2F%2Fcmsweb.cern.ch%2Fdbs%2Fprod%2Fphys03%2FDBSWriter&priority=10&jobsw=CMSSW_8_1_0&primarydataset=Combine&inputdata=&ignorelocality=0&dryrun=0&workflow=crab_cls_limits&cacheurl=https%3A%2F%2Fcmsweb.cern.ch%2Fcrabcache&nonprodsw=0&oneEventMode=0&debugfilename=0a4835e5fe080beb2448780dd4dd26cb04db17b87f3f1b2ee6b7c4005ded6035.tar.gz&saveoutput=1&publication=0&jobarch=slc6_amd64_gcc530&totalunits=11&splitalgo=EventBased&ignoreglobalblacklist=0&nonvaliddata=0&dbsurl=https%3A%2F%2Fcmsweb.cern.ch%2Fdbs%2Fprod%2Fglobal%2FDBSReader&publishgroupname=0&jobtype=PrivateMC&publishname2=cls_limits&addoutputfiles=combine_output.tar&siteblacklist=T3_IT_Bologna&siteblacklist=T3_US_UMiss
DEBUG 2018-10-16 17:47:55,628: 	 Result: {u'result': [{u'RequestName': u'181016_224755:dsperka_crab_cls_limits'}]}
INFO 2018-10-16 17:47:55,650: 	 Success: Your task has been delivered to the CRAB3 server.
INFO 2018-10-16 17:47:55,651: 	 Task name: 181016_224755:dsperka_crab_cls_limits
INFO 2018-10-16 17:47:55,651: 	 Please use 'crab status' to check how the submission process proceeds.
DEBUG 2018-10-16 17:47:55,651: 	 About to return
