DEBUG 2018-10-16 16:44:36,662: 	 Executing command: 'submit'
DEBUG 2018-10-16 16:44:36,668: 	 Found CRAB cache file /uscms/home/dsperka/.crab3
DEBUG 2018-10-16 16:44:36,692: 	 Checking credentials
DEBUG 2018-10-16 16:44:36,692: 	 Found proxy file /tmp/x509up_u16813
DEBUG 2018-10-16 16:44:36,692: 	 Getting proxy life time left
DEBUG 2018-10-16 16:44:36,736: 	 Executing : 
 command : voms-proxy-info -file /tmp/x509up_u16813 -timeleft
 output : 84945

 error: 
 retcode : 0
DEBUG 2018-10-16 16:44:36,794: 	 Executing : 
 command : voms-proxy-info -file /tmp/x509up_u16813 -actimeleft
 output : 84945

 error: 
 retcode : 0
DEBUG 2018-10-16 16:44:36,795: 	 Proxy valid for 23:35:45 hours
DEBUG 2018-10-16 16:44:36,795: 	 Will use CRAB PrivateMC plugin (i.e. will run a MC generation job type).
DEBUG 2018-10-16 16:44:36,869: 	 Executing : 
 command : openssl x509 -in ~/.globus/usercert.pem -subject -noout
 output : subject= /DC=ch/DC=cern/OU=Organic Units/OU=Users/CN=dsperka/CN=698850/CN=David Sperka

 error: 
 retcode : 0
DEBUG 2018-10-16 16:44:36,870: 	 Checking credentials
DEBUG 2018-10-16 16:44:36,870: 	 Found proxy file /tmp/x509up_u16813
DEBUG 2018-10-16 16:44:36,870: 	 Getting proxy life time left
DEBUG 2018-10-16 16:44:36,930: 	 Executing : 
 command : voms-proxy-info -file /tmp/x509up_u16813 -timeleft
 output : 84945

 error: 
 retcode : 0
DEBUG 2018-10-16 16:44:36,995: 	 Executing : 
 command : voms-proxy-info -file /tmp/x509up_u16813 -actimeleft
 output : 84945

 error: 
 retcode : 0
DEBUG 2018-10-16 16:44:36,995: 	 Proxy valid for 23:35:45 hours
DEBUG 2018-10-16 16:44:37,059: 	 Executing : 
 command : env X509_USER_PROXY=/tmp/x509up_u16813 voms-proxy-info -fqan
 output : /cms/Role=NULL/Capability=NULL
/cms/uscms/Role=NULL/Capability=NULL

 error: 
 retcode : 0
DEBUG 2018-10-16 16:44:38,189: 	 Registering user credentials for server /DC=ch/DC=cern/OU=computers/CN=vocms(052|031|0118|0105|0109).cern.ch|/DC=ch/DC=cern/OU=computers/CN=crab-(preprod|prod)-tw(02|01).cern.ch
DEBUG 2018-10-16 16:44:38,231: 	 Executing : 
 command : openssl x509 -in ~/.globus/usercert.pem -subject -noout
 output : subject= /DC=ch/DC=cern/OU=Organic Units/OU=Users/CN=dsperka/CN=698850/CN=David Sperka

 error: 
 retcode : 0
DEBUG 2018-10-16 16:44:38,232: 	 Getting myproxy life time left for myproxy.cern.ch
DEBUG 2018-10-16 16:44:38,232: 	 Calculating hash of /DC=ch/DC=cern/OU=Organic Units/OU=Users/CN=dsperka/CN=698850/CN=David Sperka_cmsweb.cern.ch for credential name
DEBUG 2018-10-16 16:44:39,029: 	 Executing : 
 command : myproxy-info -l a90adb9d478984ec2f7b39b4708f88008ef762ef -s myproxy.cern.ch
 output : username: a90adb9d478984ec2f7b39b4708f88008ef762ef
owner: /DC=ch/DC=cern/OU=Organic Units/OU=Users/CN=dsperka/CN=698850/CN=David Sperka
  renewal policy: /DC=ch/DC=cern/OU=computers/CN=vocms(052|031|0118|0105|0109).cern.ch|/DC=ch/DC=cern/OU=computers/CN=crab-(preprod|prod)-tw(02|01).cern.ch
  trusted retrieval policy: /DC=ch/DC=cern/OU=computers/CN=vocms(052|031|0118|0105|0109).cern.ch|/DC=ch/DC=cern/OU=computers/CN=crab-(preprod|prod)-tw(02|01).cern.ch
  timeleft: 713:43:05  (29.7 days)

 error: 
 retcode : 0
DEBUG 2018-10-16 16:44:39,030: 	 Myproxy is valid: 2569385
DEBUG 2018-10-16 16:44:39,031: 	 Command use: submit
DEBUG 2018-10-16 16:44:39,031: 	 Options use: ['--config', <WMCore.Configuration.Configuration object at 0x7f00cce22490>]
DEBUG 2018-10-16 16:44:39,911: 	 CRABClient version: 3.3.1809
DEBUG 2018-10-16 16:44:39,911: 	 Instance is prod
DEBUG 2018-10-16 16:44:39,911: 	 Server base url is cmsweb.cern.ch
DEBUG 2018-10-16 16:44:39,911: 	 Command url /crabserver/prod/workflow
DEBUG 2018-10-16 16:44:39,911: 	 Started submission
DEBUG 2018-10-16 16:44:39,911: 	 Working on /uscms_data/d2/dsperka/CMSSW_8_1_0/src/HiggsAnalysis/CombinedLimit/combine_tutorials_2018/htt_slim/crab_full_impacts_v2
DEBUG 2018-10-16 16:44:41,097: 	 Loading required information from the environment
DEBUG 2018-10-16 16:44:41,098: 	 Found CMSSW_8_1_0 for slc6_amd64_gcc530 with base /uscms_data/d2/dsperka/CMSSW_8_1_0
DEBUG 2018-10-16 16:44:41,121: 	 UNIQUE NAME: tarUUID 4236c40d-8751-4f3e-bb1a-90a797d5ebc8 
DEBUG 2018-10-16 16:44:41,122: 	 self.config: from WMCore.Configuration import Configuration
config = Configuration()
config.section_('General')
config.General.requestName = 'full_impacts_v2'
config.section_('JobType')
config.JobType.psetName = '/uscms_data/d2/dsperka/CMSSW_8_1_0/src/CombineHarvester/CombineTools/scripts/do_nothing_cfg.py'
config.JobType.pluginName = 'PrivateMC'
config.JobType.inputFiles = ['/uscms_data/d2/dsperka/CMSSW_8_1_0/src/CombineHarvester/CombineTools/scripts/FrameworkJobReport.xml', '/uscms_data/d2/dsperka/CMSSW_8_1_0/src/CombineHarvester/CombineTools/scripts/copyRemoteWorkspace.sh', '/uscms_data/d2/dsperka/CMSSW_8_1_0/bin/slc6_amd64_gcc530/combine', 'comb_2017_htt_slim.root']
config.JobType.outputFiles = ['combine_output.tar']
config.JobType.scriptExe = 'crab_full_impacts_v2.sh'
config.section_('Data')
config.Data.outputDatasetTag = 'full_impacts_v2'
config.Data.publication = False
config.Data.unitsPerJob = 1
config.Data.splitting = 'EventBased'
config.Data.outLFNDirBase = '/store/user/dsperka/Combine_Tutorial_2018/'
config.Data.outputPrimaryDataset = 'Combine'
config.Data.totalUnits = 616
config.section_('User')
config.section_('Site')
config.Site.blacklist = ['T3_IT_Bologna', 'T3_US_UMiss']
config.Site.storageSite = 'T3_US_FNALLPC'

DEBUG 2018-10-16 16:44:41,122: 	 self.config.JobType.psetName: /uscms_data/d2/dsperka/CMSSW_8_1_0/src/CombineHarvester/CombineTools/scripts/do_nothing_cfg.py
INFO 2018-10-16 16:44:41,123: 	 Importing CMSSW configuration /uscms_data/d2/dsperka/CMSSW_8_1_0/src/CombineHarvester/CombineTools/scripts/do_nothing_cfg.py
INFO 2018-10-16 16:44:41,245: 	 Finished importing CMSSW configuration /uscms_data/d2/dsperka/CMSSW_8_1_0/src/CombineHarvester/CombineTools/scripts/do_nothing_cfg.py
DEBUG 2018-10-16 16:44:41,245: 	 Writing CMSSW configuration to /uscms_data/d2/dsperka/CMSSW_8_1_0/src/HiggsAnalysis/CombinedLimit/combine_tutorials_2018/htt_slim/crab_full_impacts_v2/inputs/PSet.py
DEBUG 2018-10-16 16:44:41,262: 	 The following EDM output files will be collected: []
DEBUG 2018-10-16 16:44:41,262: 	 The following TFile output files will be collected: []
DEBUG 2018-10-16 16:44:41,262: 	 The following user output files will be collected: ['combine_output.tar']
DEBUG 2018-10-16 16:44:41,262: 	 Loading required information from the environment
DEBUG 2018-10-16 16:44:41,262: 	 Found CMSSW_8_1_0 for slc6_amd64_gcc530 with base /uscms_data/d2/dsperka/CMSSW_8_1_0
DEBUG 2018-10-16 16:44:41,262: 	 Making tarball in /uscms_data/d2/dsperka/CMSSW_8_1_0/src/HiggsAnalysis/CombinedLimit/combine_tutorials_2018/htt_slim/crab_full_impacts_v2/inputs/4236c40d-8751-4f3e-bb1a-90a797d5ebc8default.tgz
DEBUG 2018-10-16 16:44:41,306: 	 Checking directory /uscms_data/d2/dsperka/CMSSW_8_1_0/lib
DEBUG 2018-10-16 16:44:41,306: 	 Adding directory /uscms_data/d2/dsperka/CMSSW_8_1_0/lib to tarball
DEBUG 2018-10-16 16:44:42,822: 	 Checking directory /uscms_data/d2/dsperka/CMSSW_8_1_0/biglib
DEBUG 2018-10-16 16:44:42,822: 	 Adding directory /uscms_data/d2/dsperka/CMSSW_8_1_0/biglib to tarball
DEBUG 2018-10-16 16:44:42,825: 	 Checking directory /uscms_data/d2/dsperka/CMSSW_8_1_0/module
DEBUG 2018-10-16 16:44:43,289: 	 Adding data directory /uscms_data/d2/dsperka/CMSSW_8_1_0/src/HiggsAnalysis/CombinedLimit/data to tarball
DEBUG 2018-10-16 16:44:46,561: 	 Adding data directory /uscms_data/d2/dsperka/CMSSW_8_1_0/src/HiggsAnalysis/CombinedLimit/interface to tarball
DEBUG 2018-10-16 16:44:47,952: 	 Adding data directory /uscms_data/d2/dsperka/CMSSW_8_1_0/src/CombineHarvester/CombineTools/interface to tarball
DEBUG 2018-10-16 16:44:48,127: 	 Adding file /uscms_data/d2/dsperka/CMSSW_8_1_0/src/CombineHarvester/CombineTools/scripts/FrameworkJobReport.xml to tarball
DEBUG 2018-10-16 16:44:48,159: 	 Adding file /uscms_data/d2/dsperka/CMSSW_8_1_0/src/CombineHarvester/CombineTools/scripts/copyRemoteWorkspace.sh to tarball
DEBUG 2018-10-16 16:44:48,167: 	 Adding file /uscms_data/d2/dsperka/CMSSW_8_1_0/bin/slc6_amd64_gcc530/combine to tarball
DEBUG 2018-10-16 16:44:48,246: 	 Adding file comb_2017_htt_slim.root to tarball
DEBUG 2018-10-16 16:44:48,410: 	 Uploading archive /uscms_data/d2/dsperka/CMSSW_8_1_0/src/HiggsAnalysis/CombinedLimit/combine_tutorials_2018/htt_slim/crab_full_impacts_v2/inputs/4236c40d-8751-4f3e-bb1a-90a797d5ebc8default.tgz (7.625977.1 MB) to the CRAB cache. Using URI https://cmsweb.cern.ch/crabcache
DEBUG 2018-10-16 16:45:05,576: 	 Loading required information from the environment
DEBUG 2018-10-16 16:45:05,576: 	 Found CMSSW_8_1_0 for slc6_amd64_gcc530 with base /uscms_data/d2/dsperka/CMSSW_8_1_0
DEBUG 2018-10-16 16:45:05,576: 	 Making tarball in /uscms_data/d2/dsperka/CMSSW_8_1_0/src/HiggsAnalysis/CombinedLimit/combine_tutorials_2018/htt_slim/crab_full_impacts_v2/inputs/debugFiles.tgz
DEBUG 2018-10-16 16:45:05,597: 	 Uploading archive /uscms_data/d2/dsperka/CMSSW_8_1_0/src/HiggsAnalysis/CombinedLimit/combine_tutorials_2018/htt_slim/crab_full_impacts_v2/inputs/debugFiles.tgz (7 KB) to the CRAB cache. Using URI https://cmsweb.cern.ch/crabcache
DEBUG 2018-10-16 16:45:06,895: 	 Result uploading input files: e2c212f2892873370a99fe4b5ac66798f3dc49facd2042337fe45cc6823a8fb1.tar.gz 
INFO 2018-10-16 16:45:06,895: 	 Sending the request to the server
DEBUG 2018-10-16 16:45:06,896: 	 Submitting {'maxjobruntime': 1250, 'extrajdl': [], 'lfn': '/store/user/dsperka/Combine_Tutorial_2018/', 'savelogsflag': 0, 'useparent': 0, 'scriptexe': 'crab_full_impacts_v2.sh', 'asyncdest': 'T3_US_FNALLPC', 'algoargs': 1, 'cachefilename': 'e2c212f2892873370a99fe4b5ac66798f3dc49facd2042337fe45cc6823a8fb1.tar.gz', 'numcores': 1, 'addoutputfiles': ['combine_output.tar'], 'generator': 'pythia', 'maxmemory': 2000, 'publishdbsurl': 'https://cmsweb.cern.ch/dbs/prod/phys03/DBSWriter', 'priority': 10, 'jobsw': 'CMSSW_8_1_0', 'edmoutfiles': [], 'userfiles': [], 'primarydataset': 'Combine', 'inputdata': '', 'ignorelocality': 0, 'dryrun': 0, 'workflow': 'crab_full_impacts_v2', 'cacheurl': u'https://cmsweb.cern.ch/crabcache', 'nonprodsw': 0, 'tfileoutfiles': [], 'oneEventMode': 0, 'debugfilename': '0ed276c270b9067edab3921ce0043f6ce9d4690c0f528f5589e82f044b4f99b9.tar.gz', 'saveoutput': 1, 'publication': 0, 'jobarch': 'slc6_amd64_gcc530', 'totalunits': 616, 'splitalgo': 'EventBased', 'ignoreglobalblacklist': 0, 'nonvaliddata': 0, 'dbsurl': 'https://cmsweb.cern.ch/dbs/prod/global/DBSReader', 'publishgroupname': 0, 'jobtype': 'PrivateMC', 'siteblacklist': ['T3_IT_Bologna', 'T3_US_UMiss'], 'publishname2': 'full_impacts_v2'} 
DEBUG 2018-10-16 16:45:06,896: 	 Encoded submit request: maxjobruntime=1250&lfn=%2Fstore%2Fuser%2Fdsperka%2FCombine_Tutorial_2018%2F&savelogsflag=0&useparent=0&scriptexe=crab_full_impacts_v2.sh&asyncdest=T3_US_FNALLPC&algoargs=1&cachefilename=e2c212f2892873370a99fe4b5ac66798f3dc49facd2042337fe45cc6823a8fb1.tar.gz&numcores=1&generator=pythia&maxmemory=2000&publishdbsurl=https%3A%2F%2Fcmsweb.cern.ch%2Fdbs%2Fprod%2Fphys03%2FDBSWriter&priority=10&jobsw=CMSSW_8_1_0&primarydataset=Combine&inputdata=&ignorelocality=0&dryrun=0&workflow=crab_full_impacts_v2&cacheurl=https%3A%2F%2Fcmsweb.cern.ch%2Fcrabcache&nonprodsw=0&oneEventMode=0&debugfilename=0ed276c270b9067edab3921ce0043f6ce9d4690c0f528f5589e82f044b4f99b9.tar.gz&saveoutput=1&publication=0&jobarch=slc6_amd64_gcc530&totalunits=616&splitalgo=EventBased&ignoreglobalblacklist=0&nonvaliddata=0&dbsurl=https%3A%2F%2Fcmsweb.cern.ch%2Fdbs%2Fprod%2Fglobal%2FDBSReader&publishgroupname=0&jobtype=PrivateMC&publishname2=full_impacts_v2&addoutputfiles=combine_output.tar&siteblacklist=T3_IT_Bologna&siteblacklist=T3_US_UMiss
DEBUG 2018-10-16 16:45:08,025: 	 Result: {u'result': [{u'RequestName': u'181016_214507:dsperka_crab_full_impacts_v2'}]}
INFO 2018-10-16 16:45:08,028: 	 Success: Your task has been delivered to the CRAB3 server.
INFO 2018-10-16 16:45:08,029: 	 Task name: 181016_214507:dsperka_crab_full_impacts_v2
INFO 2018-10-16 16:45:08,029: 	 Please use 'crab status' to check how the submission process proceeds.
DEBUG 2018-10-16 16:45:08,029: 	 About to return
