DEBUG 2018-10-19 15:07:31,552: 	 Executing command: 'submit'
DEBUG 2018-10-19 15:07:31,555: 	 Found CRAB cache file /uscms/home/dsperka/.crab3
DEBUG 2018-10-19 15:07:31,566: 	 Checking credentials
DEBUG 2018-10-19 15:07:31,566: 	 Found proxy file /tmp/x509up_u16813
DEBUG 2018-10-19 15:07:31,566: 	 Getting proxy life time left
DEBUG 2018-10-19 15:07:31,622: 	 Executing : 
 command : voms-proxy-info -file /tmp/x509up_u16813 -timeleft
 output : 82212

 error: 
 retcode : 0
DEBUG 2018-10-19 15:07:31,680: 	 Executing : 
 command : voms-proxy-info -file /tmp/x509up_u16813 -actimeleft
 output : 82212

 error: 
 retcode : 0
DEBUG 2018-10-19 15:07:31,680: 	 Proxy valid for 22:50:12 hours
DEBUG 2018-10-19 15:07:31,681: 	 Will use CRAB PrivateMC plugin (i.e. will run a MC generation job type).
DEBUG 2018-10-19 15:07:31,736: 	 Executing : 
 command : openssl x509 -in ~/.globus/usercert.pem -subject -noout
 output : subject= /DC=ch/DC=cern/OU=Organic Units/OU=Users/CN=dsperka/CN=698850/CN=David Sperka

 error: 
 retcode : 0
DEBUG 2018-10-19 15:07:31,737: 	 Checking credentials
DEBUG 2018-10-19 15:07:31,737: 	 Found proxy file /tmp/x509up_u16813
DEBUG 2018-10-19 15:07:31,737: 	 Getting proxy life time left
DEBUG 2018-10-19 15:07:31,793: 	 Executing : 
 command : voms-proxy-info -file /tmp/x509up_u16813 -timeleft
 output : 82212

 error: 
 retcode : 0
DEBUG 2018-10-19 15:07:31,851: 	 Executing : 
 command : voms-proxy-info -file /tmp/x509up_u16813 -actimeleft
 output : 82212

 error: 
 retcode : 0
DEBUG 2018-10-19 15:07:31,851: 	 Proxy valid for 22:50:12 hours
DEBUG 2018-10-19 15:07:31,911: 	 Executing : 
 command : env X509_USER_PROXY=/tmp/x509up_u16813 voms-proxy-info -fqan
 output : /cms/Role=NULL/Capability=NULL
/cms/uscms/Role=NULL/Capability=NULL

 error: 
 retcode : 0
DEBUG 2018-10-19 15:07:33,032: 	 Registering user credentials for server /DC=ch/DC=cern/OU=computers/CN=vocms(052|031|0118|0105|0109).cern.ch|/DC=ch/DC=cern/OU=computers/CN=crab-(preprod|prod)-tw(02|01).cern.ch
DEBUG 2018-10-19 15:07:33,078: 	 Executing : 
 command : openssl x509 -in ~/.globus/usercert.pem -subject -noout
 output : subject= /DC=ch/DC=cern/OU=Organic Units/OU=Users/CN=dsperka/CN=698850/CN=David Sperka

 error: 
 retcode : 0
DEBUG 2018-10-19 15:07:33,078: 	 Getting myproxy life time left for myproxy.cern.ch
DEBUG 2018-10-19 15:07:33,078: 	 Calculating hash of /DC=ch/DC=cern/OU=Organic Units/OU=Users/CN=dsperka/CN=698850/CN=David Sperka_cmsweb.cern.ch for credential name
DEBUG 2018-10-19 15:07:33,900: 	 Executing : 
 command : myproxy-info -l a90adb9d478984ec2f7b39b4708f88008ef762ef -s myproxy.cern.ch
 output : username: a90adb9d478984ec2f7b39b4708f88008ef762ef
owner: /DC=ch/DC=cern/OU=Organic Units/OU=Users/CN=dsperka/CN=698850/CN=David Sperka
  renewal policy: /DC=ch/DC=cern/OU=computers/CN=vocms(052|031|0118|0105|0109).cern.ch|/DC=ch/DC=cern/OU=computers/CN=crab-(preprod|prod)-tw(02|01).cern.ch
  trusted retrieval policy: /DC=ch/DC=cern/OU=computers/CN=vocms(052|031|0118|0105|0109).cern.ch|/DC=ch/DC=cern/OU=computers/CN=crab-(preprod|prod)-tw(02|01).cern.ch
  timeleft: 643:20:11  (26.8 days)

 error: 
 retcode : 0
DEBUG 2018-10-19 15:07:33,902: 	 Myproxy is valid: 2316011
DEBUG 2018-10-19 15:07:33,902: 	 Command use: submit
DEBUG 2018-10-19 15:07:33,902: 	 Options use: ['--config', <WMCore.Configuration.Configuration object at 0x7f54fdad4810>]
DEBUG 2018-10-19 15:07:35,049: 	 CRABClient version: 3.3.1809
DEBUG 2018-10-19 15:07:35,049: 	 Instance is prod
DEBUG 2018-10-19 15:07:35,049: 	 Server base url is cmsweb.cern.ch
DEBUG 2018-10-19 15:07:35,049: 	 Command url /crabserver/prod/workflow
DEBUG 2018-10-19 15:07:35,050: 	 Started submission
DEBUG 2018-10-19 15:07:35,050: 	 Working on /uscms_data/d2/dsperka/CMSSW_8_1_0/src/HiggsAnalysis/CombinedLimit/combine_tutorials_2018/htt_slim/crab_full_cls_v3
DEBUG 2018-10-19 15:07:36,585: 	 Loading required information from the environment
DEBUG 2018-10-19 15:07:36,585: 	 Found CMSSW_8_1_0 for slc6_amd64_gcc530 with base /uscms_data/d2/dsperka/CMSSW_8_1_0
DEBUG 2018-10-19 15:07:36,604: 	 UNIQUE NAME: tarUUID 42be5483-4dfc-421b-bf4f-06f16dfb64f9 
DEBUG 2018-10-19 15:07:36,605: 	 self.config: from WMCore.Configuration import Configuration
config = Configuration()
config.section_('General')
config.General.requestName = 'full_cls_v3'
config.section_('JobType')
config.JobType.psetName = '/uscms_data/d2/dsperka/CMSSW_8_1_0/src/CombineHarvester/CombineTools/scripts/do_nothing_cfg.py'
config.JobType.pluginName = 'PrivateMC'
config.JobType.inputFiles = ['/uscms_data/d2/dsperka/CMSSW_8_1_0/src/CombineHarvester/CombineTools/scripts/FrameworkJobReport.xml', '/uscms_data/d2/dsperka/CMSSW_8_1_0/src/CombineHarvester/CombineTools/scripts/copyRemoteWorkspace.sh', '/uscms_data/d2/dsperka/CMSSW_8_1_0/bin/slc6_amd64_gcc530/combine', 'comb_2017_htt_slim.root']
config.JobType.outputFiles = ['combine_output.tar']
config.JobType.scriptExe = 'crab_full_cls_v3.sh'
config.section_('Data')
config.Data.outputDatasetTag = 'full_cls_v3'
config.Data.publication = False
config.Data.unitsPerJob = 1
config.Data.splitting = 'EventBased'
config.Data.outLFNDirBase = '/store/user/dsperka/Combine_Tutorial_2018/'
config.Data.outputPrimaryDataset = 'Combine'
config.Data.totalUnits = 220
config.section_('User')
config.section_('Site')
config.Site.blacklist = ['T3_IT_Bologna', 'T3_US_UMiss']
config.Site.storageSite = 'T3_US_FNALLPC'

DEBUG 2018-10-19 15:07:36,605: 	 self.config.JobType.psetName: /uscms_data/d2/dsperka/CMSSW_8_1_0/src/CombineHarvester/CombineTools/scripts/do_nothing_cfg.py
INFO 2018-10-19 15:07:36,606: 	 Importing CMSSW configuration /uscms_data/d2/dsperka/CMSSW_8_1_0/src/CombineHarvester/CombineTools/scripts/do_nothing_cfg.py
INFO 2018-10-19 15:07:36,737: 	 Finished importing CMSSW configuration /uscms_data/d2/dsperka/CMSSW_8_1_0/src/CombineHarvester/CombineTools/scripts/do_nothing_cfg.py
DEBUG 2018-10-19 15:07:36,737: 	 Writing CMSSW configuration to /uscms_data/d2/dsperka/CMSSW_8_1_0/src/HiggsAnalysis/CombinedLimit/combine_tutorials_2018/htt_slim/crab_full_cls_v3/inputs/PSet.py
DEBUG 2018-10-19 15:07:37,047: 	 The following EDM output files will be collected: []
DEBUG 2018-10-19 15:07:37,047: 	 The following TFile output files will be collected: []
DEBUG 2018-10-19 15:07:37,047: 	 The following user output files will be collected: ['combine_output.tar']
DEBUG 2018-10-19 15:07:37,047: 	 Loading required information from the environment
DEBUG 2018-10-19 15:07:37,047: 	 Found CMSSW_8_1_0 for slc6_amd64_gcc530 with base /uscms_data/d2/dsperka/CMSSW_8_1_0
DEBUG 2018-10-19 15:07:37,047: 	 Making tarball in /uscms_data/d2/dsperka/CMSSW_8_1_0/src/HiggsAnalysis/CombinedLimit/combine_tutorials_2018/htt_slim/crab_full_cls_v3/inputs/42be5483-4dfc-421b-bf4f-06f16dfb64f9default.tgz
DEBUG 2018-10-19 15:07:37,628: 	 Checking directory /uscms_data/d2/dsperka/CMSSW_8_1_0/lib
DEBUG 2018-10-19 15:07:37,629: 	 Adding directory /uscms_data/d2/dsperka/CMSSW_8_1_0/lib to tarball
DEBUG 2018-10-19 15:07:39,459: 	 Checking directory /uscms_data/d2/dsperka/CMSSW_8_1_0/biglib
DEBUG 2018-10-19 15:07:39,460: 	 Adding directory /uscms_data/d2/dsperka/CMSSW_8_1_0/biglib to tarball
DEBUG 2018-10-19 15:07:39,462: 	 Checking directory /uscms_data/d2/dsperka/CMSSW_8_1_0/module
DEBUG 2018-10-19 15:07:40,858: 	 Adding data directory /uscms_data/d2/dsperka/CMSSW_8_1_0/src/HiggsAnalysis/CombinedLimit/data to tarball
DEBUG 2018-10-19 15:07:43,077: 	 Adding data directory /uscms_data/d2/dsperka/CMSSW_8_1_0/src/HiggsAnalysis/CombinedLimit/interface to tarball
DEBUG 2018-10-19 15:07:45,336: 	 Adding data directory /uscms_data/d2/dsperka/CMSSW_8_1_0/src/CombineHarvester/CombineTools/interface to tarball
DEBUG 2018-10-19 15:07:45,425: 	 Adding file /uscms_data/d2/dsperka/CMSSW_8_1_0/src/CombineHarvester/CombineTools/scripts/FrameworkJobReport.xml to tarball
DEBUG 2018-10-19 15:07:45,427: 	 Adding file /uscms_data/d2/dsperka/CMSSW_8_1_0/src/CombineHarvester/CombineTools/scripts/copyRemoteWorkspace.sh to tarball
DEBUG 2018-10-19 15:07:45,429: 	 Adding file /uscms_data/d2/dsperka/CMSSW_8_1_0/bin/slc6_amd64_gcc530/combine to tarball
DEBUG 2018-10-19 15:07:45,489: 	 Adding file comb_2017_htt_slim.root to tarball
DEBUG 2018-10-19 15:07:45,676: 	 Uploading archive /uscms_data/d2/dsperka/CMSSW_8_1_0/src/HiggsAnalysis/CombinedLimit/combine_tutorials_2018/htt_slim/crab_full_cls_v3/inputs/42be5483-4dfc-421b-bf4f-06f16dfb64f9default.tgz (7.627930.1 MB) to the CRAB cache. Using URI https://cmsweb.cern.ch/crabcache
DEBUG 2018-10-19 15:08:19,928: 	 Loading required information from the environment
DEBUG 2018-10-19 15:08:19,928: 	 Found CMSSW_8_1_0 for slc6_amd64_gcc530 with base /uscms_data/d2/dsperka/CMSSW_8_1_0
DEBUG 2018-10-19 15:08:19,928: 	 Making tarball in /uscms_data/d2/dsperka/CMSSW_8_1_0/src/HiggsAnalysis/CombinedLimit/combine_tutorials_2018/htt_slim/crab_full_cls_v3/inputs/debugFiles.tgz
DEBUG 2018-10-19 15:08:19,942: 	 Uploading archive /uscms_data/d2/dsperka/CMSSW_8_1_0/src/HiggsAnalysis/CombinedLimit/combine_tutorials_2018/htt_slim/crab_full_cls_v3/inputs/debugFiles.tgz (2 KB) to the CRAB cache. Using URI https://cmsweb.cern.ch/crabcache
DEBUG 2018-10-19 15:08:21,263: 	 Result uploading input files: 9a659065c157a1ac200ba6d9cd7de5bbeb918a57e74b8b56285ca74733b4c810.tar.gz 
INFO 2018-10-19 15:08:21,264: 	 Sending the request to the server
DEBUG 2018-10-19 15:08:21,264: 	 Submitting {'maxjobruntime': 1250, 'extrajdl': [], 'lfn': '/store/user/dsperka/Combine_Tutorial_2018/', 'savelogsflag': 0, 'useparent': 0, 'scriptexe': 'crab_full_cls_v3.sh', 'asyncdest': 'T3_US_FNALLPC', 'algoargs': 1, 'cachefilename': '9a659065c157a1ac200ba6d9cd7de5bbeb918a57e74b8b56285ca74733b4c810.tar.gz', 'numcores': 1, 'addoutputfiles': ['combine_output.tar'], 'generator': 'pythia', 'maxmemory': 2000, 'publishdbsurl': 'https://cmsweb.cern.ch/dbs/prod/phys03/DBSWriter', 'priority': 10, 'jobsw': 'CMSSW_8_1_0', 'edmoutfiles': [], 'userfiles': [], 'primarydataset': 'Combine', 'inputdata': '', 'ignorelocality': 0, 'dryrun': 0, 'workflow': 'crab_full_cls_v3', 'cacheurl': u'https://cmsweb.cern.ch/crabcache', 'nonprodsw': 0, 'tfileoutfiles': [], 'oneEventMode': 0, 'debugfilename': '92ea050f5f9b5d16aa2228a9dbc14cfa564c5a7a2b199614a267e907cdb9bcc0.tar.gz', 'saveoutput': 1, 'publication': 0, 'jobarch': 'slc6_amd64_gcc530', 'totalunits': 220, 'splitalgo': 'EventBased', 'ignoreglobalblacklist': 0, 'nonvaliddata': 0, 'dbsurl': 'https://cmsweb.cern.ch/dbs/prod/global/DBSReader', 'publishgroupname': 0, 'jobtype': 'PrivateMC', 'siteblacklist': ['T3_IT_Bologna', 'T3_US_UMiss'], 'publishname2': 'full_cls_v3'} 
DEBUG 2018-10-19 15:08:21,264: 	 Encoded submit request: maxjobruntime=1250&lfn=%2Fstore%2Fuser%2Fdsperka%2FCombine_Tutorial_2018%2F&savelogsflag=0&useparent=0&scriptexe=crab_full_cls_v3.sh&asyncdest=T3_US_FNALLPC&algoargs=1&cachefilename=9a659065c157a1ac200ba6d9cd7de5bbeb918a57e74b8b56285ca74733b4c810.tar.gz&numcores=1&generator=pythia&maxmemory=2000&publishdbsurl=https%3A%2F%2Fcmsweb.cern.ch%2Fdbs%2Fprod%2Fphys03%2FDBSWriter&priority=10&jobsw=CMSSW_8_1_0&primarydataset=Combine&inputdata=&ignorelocality=0&dryrun=0&workflow=crab_full_cls_v3&cacheurl=https%3A%2F%2Fcmsweb.cern.ch%2Fcrabcache&nonprodsw=0&oneEventMode=0&debugfilename=92ea050f5f9b5d16aa2228a9dbc14cfa564c5a7a2b199614a267e907cdb9bcc0.tar.gz&saveoutput=1&publication=0&jobarch=slc6_amd64_gcc530&totalunits=220&splitalgo=EventBased&ignoreglobalblacklist=0&nonvaliddata=0&dbsurl=https%3A%2F%2Fcmsweb.cern.ch%2Fdbs%2Fprod%2Fglobal%2FDBSReader&publishgroupname=0&jobtype=PrivateMC&publishname2=full_cls_v3&addoutputfiles=combine_output.tar&siteblacklist=T3_IT_Bologna&siteblacklist=T3_US_UMiss
DEBUG 2018-10-19 15:08:22,651: 	 Result: {u'result': [{u'RequestName': u'181019_200822:dsperka_crab_full_cls_v3'}]}
INFO 2018-10-19 15:08:22,654: 	 Success: Your task has been delivered to the CRAB3 server.
INFO 2018-10-19 15:08:22,655: 	 Task name: 181019_200822:dsperka_crab_full_cls_v3
INFO 2018-10-19 15:08:22,655: 	 Please use 'crab status' to check how the submission process proceeds.
DEBUG 2018-10-19 15:08:22,655: 	 About to return
